<?xml version="1.0" encoding="UTF-8"?>
<!DOCTYPE coverage SYSTEM "http://cobertura.sourceforge.net/xml/coverage-04.dtd">
<coverage line-rate="0.50856327307326" branch-rate="0" lines-covered="1069" lines-valid="2102" branches-covered="0" branches-valid="0" complexity="1061" version="0.4" timestamp="1720219024">
  <sources>
    <source>/app/src</source>
  </sources>
  <packages>
    <package name="Building/Concerns/BuildImplements.php" line-rate="0" branch-rate="0" complexity="11">
      <classes>
        <class name="Playground\Make\Building\Concerns\BuildImplements" filename="Building/Concerns/BuildImplements.php" line-rate="0" branch-rate="0" complexity="11">
          <methods>
            <method name="buildClass_implements" signature="" line-rate="0" branch-rate="0" complexity="11">
              <lines>
                <line number="16" hits="0"/>
                <line number="17" hits="0"/>
                <line number="20" hits="0"/>
                <line number="21" hits="0"/>
                <line number="23" hits="0"/>
                <line number="24" hits="0"/>
                <line number="25" hits="0"/>
                <line number="26" hits="0"/>
                <line number="27" hits="0"/>
                <line number="28" hits="0"/>
                <line number="29" hits="0"/>
                <line number="30" hits="0"/>
                <line number="31" hits="0"/>
                <line number="32" hits="0"/>
                <line number="33" hits="0"/>
                <line number="34" hits="0"/>
                <line number="36" hits="0"/>
                <line number="37" hits="0"/>
                <line number="40" hits="0"/>
                <line number="43" hits="0"/>
                <line number="44" hits="0"/>
                <line number="45" hits="0"/>
              </lines>
            </method>
          </methods>
          <lines>
            <line number="16" hits="0"/>
            <line number="17" hits="0"/>
            <line number="20" hits="0"/>
            <line number="21" hits="0"/>
            <line number="23" hits="0"/>
            <line number="24" hits="0"/>
            <line number="25" hits="0"/>
            <line number="26" hits="0"/>
            <line number="27" hits="0"/>
            <line number="28" hits="0"/>
            <line number="29" hits="0"/>
            <line number="30" hits="0"/>
            <line number="31" hits="0"/>
            <line number="32" hits="0"/>
            <line number="33" hits="0"/>
            <line number="34" hits="0"/>
            <line number="36" hits="0"/>
            <line number="37" hits="0"/>
            <line number="40" hits="0"/>
            <line number="43" hits="0"/>
            <line number="44" hits="0"/>
            <line number="45" hits="0"/>
          </lines>
        </class>
      </classes>
    </package>
    <package name="Building/Concerns/BuildModel.php" line-rate="0" branch-rate="0" complexity="28">
      <classes>
        <class name="Playground\Make\Building\Concerns\BuildModel" filename="Building/Concerns/BuildModel.php" line-rate="0" branch-rate="0" complexity="28">
          <methods>
            <method name="buildClass_model" signature="string $name" line-rate="0" branch-rate="0" complexity="23">
              <lines>
                <line number="19" hits="0"/>
                <line number="20" hits="0"/>
                <line number="31" hits="0"/>
                <line number="32" hits="0"/>
                <line number="33" hits="0"/>
                <line number="34" hits="0"/>
                <line number="36" hits="0"/>
                <line number="39" hits="0"/>
                <line number="40" hits="0"/>
                <line number="43" hits="0"/>
                <line number="44" hits="0"/>
                <line number="47" hits="0"/>
                <line number="48" hits="0"/>
                <line number="59" hits="0"/>
                <line number="60" hits="0"/>
                <line number="62" hits="0"/>
                <line number="64" hits="0"/>
                <line number="65" hits="0"/>
                <line number="67" hits="0"/>
                <line number="68" hits="0"/>
                <line number="69" hits="0"/>
                <line number="70" hits="0"/>
                <line number="71" hits="0"/>
                <line number="72" hits="0"/>
                <line number="74" hits="0"/>
                <line number="76" hits="0"/>
                <line number="77" hits="0"/>
                <line number="78" hits="0"/>
                <line number="80" hits="0"/>
                <line number="81" hits="0"/>
                <line number="82" hits="0"/>
                <line number="84" hits="0"/>
                <line number="85" hits="0"/>
                <line number="88" hits="0"/>
                <line number="89" hits="0"/>
                <line number="92" hits="0"/>
                <line number="93" hits="0"/>
                <line number="96" hits="0"/>
                <line number="97" hits="0"/>
                <line number="98" hits="0"/>
                <line number="99" hits="0"/>
                <line number="101" hits="0"/>
                <line number="102" hits="0"/>
                <line number="108" hits="0"/>
                <line number="109" hits="0"/>
                <line number="110" hits="0"/>
                <line number="112" hits="0"/>
                <line number="113" hits="0"/>
                <line number="115" hits="0"/>
              </lines>
            </method>
            <method name="buildClass_model_meta" signature="string $column, Playground\Make\Configuration\Model $model" line-rate="0" branch-rate="0" complexity="5">
              <lines>
                <line number="133" hits="0"/>
                <line number="134" hits="0"/>
                <line number="137" hits="0"/>
                <line number="138" hits="0"/>
                <line number="139" hits="0"/>
                <line number="140" hits="0"/>
                <line number="141" hits="0"/>
                <line number="142" hits="0"/>
                <line number="143" hits="0"/>
                <line number="144" hits="0"/>
                <line number="145" hits="0"/>
                <line number="146" hits="0"/>
                <line number="147" hits="0"/>
                <line number="149" hits="0"/>
                <line number="150" hits="0"/>
                <line number="151" hits="0"/>
                <line number="153" hits="0"/>
                <line number="157" hits="0"/>
              </lines>
            </method>
          </methods>
          <lines>
            <line number="19" hits="0"/>
            <line number="20" hits="0"/>
            <line number="31" hits="0"/>
            <line number="32" hits="0"/>
            <line number="33" hits="0"/>
            <line number="34" hits="0"/>
            <line number="36" hits="0"/>
            <line number="39" hits="0"/>
            <line number="40" hits="0"/>
            <line number="43" hits="0"/>
            <line number="44" hits="0"/>
            <line number="47" hits="0"/>
            <line number="48" hits="0"/>
            <line number="59" hits="0"/>
            <line number="60" hits="0"/>
            <line number="62" hits="0"/>
            <line number="64" hits="0"/>
            <line number="65" hits="0"/>
            <line number="67" hits="0"/>
            <line number="68" hits="0"/>
            <line number="69" hits="0"/>
            <line number="70" hits="0"/>
            <line number="71" hits="0"/>
            <line number="72" hits="0"/>
            <line number="74" hits="0"/>
            <line number="76" hits="0"/>
            <line number="77" hits="0"/>
            <line number="78" hits="0"/>
            <line number="80" hits="0"/>
            <line number="81" hits="0"/>
            <line number="82" hits="0"/>
            <line number="84" hits="0"/>
            <line number="85" hits="0"/>
            <line number="88" hits="0"/>
            <line number="89" hits="0"/>
            <line number="92" hits="0"/>
            <line number="93" hits="0"/>
            <line number="96" hits="0"/>
            <line number="97" hits="0"/>
            <line number="98" hits="0"/>
            <line number="99" hits="0"/>
            <line number="101" hits="0"/>
            <line number="102" hits="0"/>
            <line number="108" hits="0"/>
            <line number="109" hits="0"/>
            <line number="110" hits="0"/>
            <line number="112" hits="0"/>
            <line number="113" hits="0"/>
            <line number="115" hits="0"/>
            <line number="133" hits="0"/>
            <line number="134" hits="0"/>
            <line number="137" hits="0"/>
            <line number="138" hits="0"/>
            <line number="139" hits="0"/>
            <line number="140" hits="0"/>
            <line number="141" hits="0"/>
            <line number="142" hits="0"/>
            <line number="143" hits="0"/>
            <line number="144" hits="0"/>
            <line number="145" hits="0"/>
            <line number="146" hits="0"/>
            <line number="147" hits="0"/>
            <line number="149" hits="0"/>
            <line number="150" hits="0"/>
            <line number="151" hits="0"/>
            <line number="153" hits="0"/>
            <line number="157" hits="0"/>
          </lines>
        </class>
      </classes>
    </package>
    <package name="Building/Concerns/BuildUses.php" line-rate="0" branch-rate="0" complexity="13">
      <classes>
        <class name="Playground\Make\Building\Concerns\BuildUses" filename="Building/Concerns/BuildUses.php" line-rate="0" branch-rate="0" complexity="13">
          <methods>
            <method name="buildClass_uses" signature="string $name" line-rate="0" branch-rate="0" complexity="9">
              <lines>
                <line number="16" hits="0"/>
                <line number="17" hits="0"/>
                <line number="20" hits="0"/>
                <line number="21" hits="0"/>
                <line number="22" hits="0"/>
                <line number="23" hits="0"/>
                <line number="25" hits="0"/>
                <line number="27" hits="0"/>
                <line number="28" hits="0"/>
                <line number="31" hits="0"/>
                <line number="32" hits="0"/>
                <line number="33" hits="0"/>
                <line number="34" hits="0"/>
                <line number="35" hits="0"/>
                <line number="36" hits="0"/>
                <line number="37" hits="0"/>
                <line number="38" hits="0"/>
                <line number="41" hits="0"/>
                <line number="42" hits="0"/>
                <line number="43" hits="0"/>
                <line number="44" hits="0"/>
                <line number="45" hits="0"/>
                <line number="46" hits="0"/>
                <line number="50" hits="0"/>
                <line number="51" hits="0"/>
                <line number="53" hits="0"/>
                <line number="54" hits="0"/>
              </lines>
            </method>
            <method name="buildClass_uses_add" signature="string $use, string $use_class" line-rate="0" branch-rate="0" complexity="4">
              <lines>
                <line number="60" hits="0"/>
                <line number="61" hits="0"/>
                <line number="62" hits="0"/>
                <line number="65" hits="0"/>
                <line number="66" hits="0"/>
              </lines>
            </method>
          </methods>
          <lines>
            <line number="16" hits="0"/>
            <line number="17" hits="0"/>
            <line number="20" hits="0"/>
            <line number="21" hits="0"/>
            <line number="22" hits="0"/>
            <line number="23" hits="0"/>
            <line number="25" hits="0"/>
            <line number="27" hits="0"/>
            <line number="28" hits="0"/>
            <line number="31" hits="0"/>
            <line number="32" hits="0"/>
            <line number="33" hits="0"/>
            <line number="34" hits="0"/>
            <line number="35" hits="0"/>
            <line number="36" hits="0"/>
            <line number="37" hits="0"/>
            <line number="38" hits="0"/>
            <line number="41" hits="0"/>
            <line number="42" hits="0"/>
            <line number="43" hits="0"/>
            <line number="44" hits="0"/>
            <line number="45" hits="0"/>
            <line number="46" hits="0"/>
            <line number="50" hits="0"/>
            <line number="51" hits="0"/>
            <line number="53" hits="0"/>
            <line number="54" hits="0"/>
            <line number="60" hits="0"/>
            <line number="61" hits="0"/>
            <line number="62" hits="0"/>
            <line number="65" hits="0"/>
            <line number="66" hits="0"/>
          </lines>
        </class>
      </classes>
    </package>
    <package name="Configuration/Concerns/Classes.php" line-rate="0.24137931034483" branch-rate="0" complexity="53">
      <classes>
        <class name="Playground\Make\Configuration\Concerns\Classes" filename="Configuration/Concerns/Classes.php" line-rate="0.24137931034483" branch-rate="0" complexity="53">
          <methods>
            <method name="addModels" signature="array $options" line-rate="0.55555555555556" branch-rate="0" complexity="6">
              <lines>
                <line number="19" hits="7"/>
                <line number="21" hits="7"/>
                <line number="22" hits="7"/>
                <line number="24" hits="0"/>
                <line number="25" hits="0"/>
                <line number="26" hits="0"/>
                <line number="31" hits="7"/>
                <line number="32" hits="0"/>
                <line number="35" hits="7"/>
              </lines>
            </method>
            <method name="addImplements" signature="array $options" line-rate="0.55555555555556" branch-rate="0" complexity="6">
              <lines>
                <line number="43" hits="7"/>
                <line number="45" hits="7"/>
                <line number="46" hits="7"/>
                <line number="48" hits="0"/>
                <line number="49" hits="0"/>
                <line number="50" hits="0"/>
                <line number="55" hits="7"/>
                <line number="56" hits="0"/>
                <line number="59" hits="7"/>
              </lines>
            </method>
            <method name="addUses" signature="array $options" line-rate="1" branch-rate="0" complexity="7">
              <lines>
                <line number="67" hits="7"/>
                <line number="69" hits="7"/>
                <line number="70" hits="7"/>
                <line number="72" hits="2"/>
                <line number="73" hits="2"/>
                <line number="74" hits="2"/>
                <line number="75" hits="2"/>
                <line number="76" hits="2"/>
                <line number="77" hits="2"/>
                <line number="82" hits="7"/>
                <line number="83" hits="2"/>
                <line number="86" hits="7"/>
              </lines>
            </method>
            <method name="addClassTo" signature="string $property, mixed $fqdn" line-rate="0" branch-rate="0" complexity="9">
              <lines>
                <line number="94" hits="0"/>
                <line number="95" hits="0"/>
                <line number="96" hits="0"/>
                <line number="97" hits="0"/>
                <line number="98" hits="0"/>
                <line number="99" hits="0"/>
                <line number="102" hits="0"/>
                <line number="103" hits="0"/>
                <line number="104" hits="0"/>
                <line number="105" hits="0"/>
                <line number="106" hits="0"/>
                <line number="107" hits="0"/>
                <line number="110" hits="0"/>
                <line number="111" hits="0"/>
                <line number="113" hits="0"/>
                <line number="114" hits="0"/>
                <line number="115" hits="0"/>
                <line number="116" hits="0"/>
                <line number="117" hits="0"/>
                <line number="120" hits="0"/>
                <line number="121" hits="0"/>
                <line number="124" hits="0"/>
              </lines>
            </method>
            <method name="addMappedClassTo" signature="string $property, mixed $key, mixed $value" line-rate="0" branch-rate="0" complexity="15">
              <lines>
                <line number="135" hits="0"/>
                <line number="136" hits="0"/>
                <line number="137" hits="0"/>
                <line number="138" hits="0"/>
                <line number="139" hits="0"/>
                <line number="140" hits="0"/>
                <line number="141" hits="0"/>
                <line number="144" hits="0"/>
                <line number="151" hits="0"/>
                <line number="152" hits="0"/>
                <line number="153" hits="0"/>
                <line number="154" hits="0"/>
                <line number="155" hits="0"/>
                <line number="156" hits="0"/>
                <line number="159" hits="0"/>
                <line number="160" hits="0"/>
                <line number="161" hits="0"/>
                <line number="162" hits="0"/>
                <line number="163" hits="0"/>
                <line number="164" hits="0"/>
                <line number="165" hits="0"/>
                <line number="168" hits="0"/>
                <line number="169" hits="0"/>
                <line number="171" hits="0"/>
                <line number="172" hits="0"/>
                <line number="173" hits="0"/>
                <line number="174" hits="0"/>
                <line number="175" hits="0"/>
                <line number="176" hits="0"/>
                <line number="179" hits="0"/>
                <line number="181" hits="0"/>
              </lines>
            </method>
            <method name="addClassFileTo" signature="string $property, string $file" line-rate="0" branch-rate="0" complexity="6">
              <lines>
                <line number="189" hits="0"/>
                <line number="190" hits="0"/>
                <line number="191" hits="0"/>
                <line number="192" hits="0"/>
                <line number="193" hits="0"/>
                <line number="194" hits="0"/>
                <line number="197" hits="0"/>
                <line number="198" hits="0"/>
                <line number="199" hits="0"/>
                <line number="200" hits="0"/>
                <line number="201" hits="0"/>
                <line number="202" hits="0"/>
                <line number="205" hits="0"/>
                <line number="206" hits="0"/>
                <line number="208" hits="0"/>
                <line number="209" hits="0"/>
                <line number="210" hits="0"/>
                <line number="211" hits="0"/>
                <line number="212" hits="0"/>
                <line number="215" hits="0"/>
                <line number="216" hits="0"/>
                <line number="219" hits="0"/>
              </lines>
            </method>
            <method name="addToUse" signature="string $class, string $key" line-rate="0.54545454545455" branch-rate="0" complexity="4">
              <lines>
                <line number="227" hits="2"/>
                <line number="228" hits="0"/>
                <line number="229" hits="0"/>
                <line number="230" hits="0"/>
                <line number="231" hits="0"/>
                <line number="232" hits="0"/>
                <line number="235" hits="2"/>
                <line number="236" hits="2"/>
                <line number="238" hits="2"/>
                <line number="239" hits="2"/>
                <line number="243" hits="2"/>
              </lines>
            </method>
          </methods>
          <lines>
            <line number="19" hits="7"/>
            <line number="21" hits="7"/>
            <line number="22" hits="7"/>
            <line number="24" hits="0"/>
            <line number="25" hits="0"/>
            <line number="26" hits="0"/>
            <line number="31" hits="7"/>
            <line number="32" hits="0"/>
            <line number="35" hits="7"/>
            <line number="43" hits="7"/>
            <line number="45" hits="7"/>
            <line number="46" hits="7"/>
            <line number="48" hits="0"/>
            <line number="49" hits="0"/>
            <line number="50" hits="0"/>
            <line number="55" hits="7"/>
            <line number="56" hits="0"/>
            <line number="59" hits="7"/>
            <line number="67" hits="7"/>
            <line number="69" hits="7"/>
            <line number="70" hits="7"/>
            <line number="72" hits="2"/>
            <line number="73" hits="2"/>
            <line number="74" hits="2"/>
            <line number="75" hits="2"/>
            <line number="76" hits="2"/>
            <line number="77" hits="2"/>
            <line number="82" hits="7"/>
            <line number="83" hits="2"/>
            <line number="86" hits="7"/>
            <line number="94" hits="0"/>
            <line number="95" hits="0"/>
            <line number="96" hits="0"/>
            <line number="97" hits="0"/>
            <line number="98" hits="0"/>
            <line number="99" hits="0"/>
            <line number="102" hits="0"/>
            <line number="103" hits="0"/>
            <line number="104" hits="0"/>
            <line number="105" hits="0"/>
            <line number="106" hits="0"/>
            <line number="107" hits="0"/>
            <line number="110" hits="0"/>
            <line number="111" hits="0"/>
            <line number="113" hits="0"/>
            <line number="114" hits="0"/>
            <line number="115" hits="0"/>
            <line number="116" hits="0"/>
            <line number="117" hits="0"/>
            <line number="120" hits="0"/>
            <line number="121" hits="0"/>
            <line number="124" hits="0"/>
            <line number="135" hits="0"/>
            <line number="136" hits="0"/>
            <line number="137" hits="0"/>
            <line number="138" hits="0"/>
            <line number="139" hits="0"/>
            <line number="140" hits="0"/>
            <line number="141" hits="0"/>
            <line number="144" hits="0"/>
            <line number="151" hits="0"/>
            <line number="152" hits="0"/>
            <line number="153" hits="0"/>
            <line number="154" hits="0"/>
            <line number="155" hits="0"/>
            <line number="156" hits="0"/>
            <line number="159" hits="0"/>
            <line number="160" hits="0"/>
            <line number="161" hits="0"/>
            <line number="162" hits="0"/>
            <line number="163" hits="0"/>
            <line number="164" hits="0"/>
            <line number="165" hits="0"/>
            <line number="168" hits="0"/>
            <line number="169" hits="0"/>
            <line number="171" hits="0"/>
            <line number="172" hits="0"/>
            <line number="173" hits="0"/>
            <line number="174" hits="0"/>
            <line number="175" hits="0"/>
            <line number="176" hits="0"/>
            <line number="179" hits="0"/>
            <line number="181" hits="0"/>
            <line number="189" hits="0"/>
            <line number="190" hits="0"/>
            <line number="191" hits="0"/>
            <line number="192" hits="0"/>
            <line number="193" hits="0"/>
            <line number="194" hits="0"/>
            <line number="197" hits="0"/>
            <line number="198" hits="0"/>
            <line number="199" hits="0"/>
            <line number="200" hits="0"/>
            <line number="201" hits="0"/>
            <line number="202" hits="0"/>
            <line number="205" hits="0"/>
            <line number="206" hits="0"/>
            <line number="208" hits="0"/>
            <line number="209" hits="0"/>
            <line number="210" hits="0"/>
            <line number="211" hits="0"/>
            <line number="212" hits="0"/>
            <line number="215" hits="0"/>
            <line number="216" hits="0"/>
            <line number="219" hits="0"/>
            <line number="227" hits="2"/>
            <line number="228" hits="0"/>
            <line number="229" hits="0"/>
            <line number="230" hits="0"/>
            <line number="231" hits="0"/>
            <line number="232" hits="0"/>
            <line number="235" hits="2"/>
            <line number="236" hits="2"/>
            <line number="238" hits="2"/>
            <line number="239" hits="2"/>
            <line number="243" hits="2"/>
          </lines>
        </class>
      </classes>
    </package>
    <package name="Configuration/Concerns/PrimaryProperties.php" line-rate="0.7032967032967" branch-rate="0" complexity="61">
      <classes>
        <class name="Playground\Make\Configuration\Concerns\PrimaryProperties" filename="Configuration/Concerns/PrimaryProperties.php" line-rate="0.7032967032967" branch-rate="0" complexity="61">
          <methods>
            <method name="setOptions" signature="array $options" line-rate="0.97916666666667" branch-rate="0" complexity="30">
              <lines>
                <line number="88" hits="7"/>
                <line number="89" hits="7"/>
                <line number="91" hits="2"/>
                <line number="94" hits="7"/>
                <line number="95" hits="7"/>
                <line number="97" hits="2"/>
                <line number="100" hits="7"/>
                <line number="101" hits="7"/>
                <line number="103" hits="2"/>
                <line number="106" hits="7"/>
                <line number="107" hits="7"/>
                <line number="109" hits="2"/>
                <line number="112" hits="7"/>
                <line number="113" hits="7"/>
                <line number="115" hits="2"/>
                <line number="118" hits="7"/>
                <line number="119" hits="7"/>
                <line number="121" hits="2"/>
                <line number="124" hits="7"/>
                <line number="125" hits="7"/>
                <line number="127" hits="2"/>
                <line number="130" hits="7"/>
                <line number="131" hits="7"/>
                <line number="133" hits="0"/>
                <line number="136" hits="7"/>
                <line number="137" hits="7"/>
                <line number="139" hits="2"/>
                <line number="142" hits="7"/>
                <line number="143" hits="7"/>
                <line number="145" hits="2"/>
                <line number="148" hits="7"/>
                <line number="149" hits="7"/>
                <line number="151" hits="2"/>
                <line number="154" hits="7"/>
                <line number="155" hits="7"/>
                <line number="157" hits="2"/>
                <line number="160" hits="7"/>
                <line number="161" hits="7"/>
                <line number="163" hits="2"/>
                <line number="166" hits="7"/>
                <line number="167" hits="1"/>
                <line number="170" hits="7"/>
                <line number="171" hits="7"/>
                <line number="173" hits="2"/>
                <line number="176" hits="7"/>
                <line number="177" hits="7"/>
                <line number="178" hits="7"/>
                <line number="180" hits="7"/>
              </lines>
            </method>
            <method name="class" signature="" line-rate="1" branch-rate="0" complexity="1">
              <lines>
                <line number="185" hits="4"/>
              </lines>
            </method>
            <method name="setClass" signature="string $class" line-rate="0" branch-rate="0" complexity="1">
              <lines>
                <line number="190" hits="0"/>
                <line number="192" hits="0"/>
              </lines>
            </method>
            <method name="config" signature="" line-rate="1" branch-rate="0" complexity="1">
              <lines>
                <line number="197" hits="4"/>
              </lines>
            </method>
            <method name="setConfig" signature="string $config" line-rate="0" branch-rate="0" complexity="1">
              <lines>
                <line number="202" hits="0"/>
                <line number="204" hits="0"/>
              </lines>
            </method>
            <method name="fqdn" signature="" line-rate="1" branch-rate="0" complexity="1">
              <lines>
                <line number="209" hits="4"/>
              </lines>
            </method>
            <method name="setFqdn" signature="string $fqdn" line-rate="0" branch-rate="0" complexity="1">
              <lines>
                <line number="214" hits="0"/>
                <line number="216" hits="0"/>
              </lines>
            </method>
            <method name="implements" signature="" line-rate="0" branch-rate="0" complexity="1">
              <lines>
                <line number="224" hits="0"/>
              </lines>
            </method>
            <method name="model" signature="" line-rate="1" branch-rate="0" complexity="1">
              <lines>
                <line number="232" hits="4"/>
              </lines>
            </method>
            <method name="setModel" signature="string $model" line-rate="0" branch-rate="0" complexity="1">
              <lines>
                <line number="237" hits="0"/>
                <line number="239" hits="0"/>
              </lines>
            </method>
            <method name="model_fqdn" signature="" line-rate="1" branch-rate="0" complexity="1">
              <lines>
                <line number="244" hits="3"/>
              </lines>
            </method>
            <method name="setModelFqdn" signature="string $model_fqdn" line-rate="0" branch-rate="0" complexity="1">
              <lines>
                <line number="249" hits="0"/>
                <line number="251" hits="0"/>
              </lines>
            </method>
            <method name="models" signature="" line-rate="0" branch-rate="0" complexity="1">
              <lines>
                <line number="259" hits="0"/>
              </lines>
            </method>
            <method name="module" signature="" line-rate="1" branch-rate="0" complexity="1">
              <lines>
                <line number="267" hits="4"/>
              </lines>
            </method>
            <method name="setModule" signature="string $module" line-rate="0" branch-rate="0" complexity="1">
              <lines>
                <line number="272" hits="0"/>
                <line number="274" hits="0"/>
              </lines>
            </method>
            <method name="module_slug" signature="" line-rate="1" branch-rate="0" complexity="1">
              <lines>
                <line number="279" hits="4"/>
              </lines>
            </method>
            <method name="setModuleSlug" signature="string $module_slug" line-rate="0" branch-rate="0" complexity="1">
              <lines>
                <line number="284" hits="0"/>
                <line number="286" hits="0"/>
              </lines>
            </method>
            <method name="name" signature="" line-rate="1" branch-rate="0" complexity="1">
              <lines>
                <line number="291" hits="4"/>
              </lines>
            </method>
            <method name="setName" signature="string $name" line-rate="0" branch-rate="0" complexity="1">
              <lines>
                <line number="296" hits="0"/>
                <line number="298" hits="0"/>
              </lines>
            </method>
            <method name="namespace" signature="" line-rate="1" branch-rate="0" complexity="1">
              <lines>
                <line number="303" hits="4"/>
              </lines>
            </method>
            <method name="setNamespace" signature="string $namespace" line-rate="0" branch-rate="0" complexity="1">
              <lines>
                <line number="308" hits="0"/>
                <line number="310" hits="0"/>
              </lines>
            </method>
            <method name="organization" signature="" line-rate="1" branch-rate="0" complexity="1">
              <lines>
                <line number="315" hits="4"/>
              </lines>
            </method>
            <method name="setOrganization" signature="string $organization" line-rate="0" branch-rate="0" complexity="1">
              <lines>
                <line number="320" hits="0"/>
                <line number="322" hits="0"/>
              </lines>
            </method>
            <method name="package" signature="" line-rate="1" branch-rate="0" complexity="1">
              <lines>
                <line number="327" hits="4"/>
              </lines>
            </method>
            <method name="setPackage" signature="string $package" line-rate="0" branch-rate="0" complexity="1">
              <lines>
                <line number="332" hits="0"/>
                <line number="334" hits="0"/>
              </lines>
            </method>
            <method name="playground" signature="" line-rate="1" branch-rate="0" complexity="1">
              <lines>
                <line number="339" hits="3"/>
              </lines>
            </method>
            <method name="type" signature="" line-rate="1" branch-rate="0" complexity="1">
              <lines>
                <line number="344" hits="4"/>
              </lines>
            </method>
            <method name="setType" signature="string $type" line-rate="0" branch-rate="0" complexity="1">
              <lines>
                <line number="349" hits="0"/>
                <line number="351" hits="0"/>
              </lines>
            </method>
            <method name="uses" signature="" line-rate="1" branch-rate="0" complexity="1">
              <lines>
                <line number="359" hits="2"/>
              </lines>
            </method>
            <method name="extends" signature="" line-rate="1" branch-rate="0" complexity="1">
              <lines>
                <line number="364" hits="4"/>
              </lines>
            </method>
            <method name="extends_use" signature="" line-rate="1" branch-rate="0" complexity="1">
              <lines>
                <line number="369" hits="4"/>
              </lines>
            </method>
            <method name="properties" signature="" line-rate="1" branch-rate="0" complexity="1">
              <lines>
                <line number="377" hits="3"/>
              </lines>
            </method>
          </methods>
          <lines>
            <line number="88" hits="7"/>
            <line number="89" hits="7"/>
            <line number="91" hits="2"/>
            <line number="94" hits="7"/>
            <line number="95" hits="7"/>
            <line number="97" hits="2"/>
            <line number="100" hits="7"/>
            <line number="101" hits="7"/>
            <line number="103" hits="2"/>
            <line number="106" hits="7"/>
            <line number="107" hits="7"/>
            <line number="109" hits="2"/>
            <line number="112" hits="7"/>
            <line number="113" hits="7"/>
            <line number="115" hits="2"/>
            <line number="118" hits="7"/>
            <line number="119" hits="7"/>
            <line number="121" hits="2"/>
            <line number="124" hits="7"/>
            <line number="125" hits="7"/>
            <line number="127" hits="2"/>
            <line number="130" hits="7"/>
            <line number="131" hits="7"/>
            <line number="133" hits="0"/>
            <line number="136" hits="7"/>
            <line number="137" hits="7"/>
            <line number="139" hits="2"/>
            <line number="142" hits="7"/>
            <line number="143" hits="7"/>
            <line number="145" hits="2"/>
            <line number="148" hits="7"/>
            <line number="149" hits="7"/>
            <line number="151" hits="2"/>
            <line number="154" hits="7"/>
            <line number="155" hits="7"/>
            <line number="157" hits="2"/>
            <line number="160" hits="7"/>
            <line number="161" hits="7"/>
            <line number="163" hits="2"/>
            <line number="166" hits="7"/>
            <line number="167" hits="1"/>
            <line number="170" hits="7"/>
            <line number="171" hits="7"/>
            <line number="173" hits="2"/>
            <line number="176" hits="7"/>
            <line number="177" hits="7"/>
            <line number="178" hits="7"/>
            <line number="180" hits="7"/>
            <line number="185" hits="4"/>
            <line number="190" hits="0"/>
            <line number="192" hits="0"/>
            <line number="197" hits="4"/>
            <line number="202" hits="0"/>
            <line number="204" hits="0"/>
            <line number="209" hits="4"/>
            <line number="214" hits="0"/>
            <line number="216" hits="0"/>
            <line number="224" hits="0"/>
            <line number="232" hits="4"/>
            <line number="237" hits="0"/>
            <line number="239" hits="0"/>
            <line number="244" hits="3"/>
            <line number="249" hits="0"/>
            <line number="251" hits="0"/>
            <line number="259" hits="0"/>
            <line number="267" hits="4"/>
            <line number="272" hits="0"/>
            <line number="274" hits="0"/>
            <line number="279" hits="4"/>
            <line number="284" hits="0"/>
            <line number="286" hits="0"/>
            <line number="291" hits="4"/>
            <line number="296" hits="0"/>
            <line number="298" hits="0"/>
            <line number="303" hits="4"/>
            <line number="308" hits="0"/>
            <line number="310" hits="0"/>
            <line number="315" hits="4"/>
            <line number="320" hits="0"/>
            <line number="322" hits="0"/>
            <line number="327" hits="4"/>
            <line number="332" hits="0"/>
            <line number="334" hits="0"/>
            <line number="339" hits="3"/>
            <line number="344" hits="4"/>
            <line number="349" hits="0"/>
            <line number="351" hits="0"/>
            <line number="359" hits="2"/>
            <line number="364" hits="4"/>
            <line number="369" hits="4"/>
            <line number="377" hits="3"/>
          </lines>
        </class>
      </classes>
    </package>
    <package name="Configuration/Concerns/Properties.php" line-rate="1" branch-rate="0" complexity="5">
      <classes>
        <class name="Playground\Make\Configuration\Concerns\Properties" filename="Configuration/Concerns/Properties.php" line-rate="1" branch-rate="0" complexity="5">
          <methods>
            <method name="setOptions" signature="array $options" line-rate="1" branch-rate="0" complexity="3">
              <lines>
                <line number="31" hits="2"/>
                <line number="32" hits="2"/>
                <line number="34" hits="2"/>
                <line number="37" hits="2"/>
              </lines>
            </method>
            <method name="type" signature="" line-rate="1" branch-rate="0" complexity="1">
              <lines>
                <line number="42" hits="2"/>
              </lines>
            </method>
            <method name="properties" signature="" line-rate="1" branch-rate="0" complexity="1">
              <lines>
                <line number="50" hits="3"/>
              </lines>
            </method>
          </methods>
          <lines>
            <line number="31" hits="2"/>
            <line number="32" hits="2"/>
            <line number="34" hits="2"/>
            <line number="37" hits="2"/>
            <line number="42" hits="2"/>
            <line number="50" hits="3"/>
          </lines>
        </class>
      </classes>
    </package>
    <package name="Configuration/Concerns/WithFolder.php" line-rate="1" branch-rate="0" complexity="2">
      <classes>
        <class name="Playground\Make\Configuration\Concerns\WithFolder" filename="Configuration/Concerns/WithFolder.php" line-rate="1" branch-rate="0" complexity="2">
          <methods>
            <method name="folder" signature="" line-rate="1" branch-rate="0" complexity="1">
              <lines>
                <line number="16" hits="3"/>
              </lines>
            </method>
            <method name="setFolder" signature="string $folder" line-rate="1" branch-rate="0" complexity="1">
              <lines>
                <line number="21" hits="2"/>
                <line number="23" hits="2"/>
              </lines>
            </method>
          </methods>
          <lines>
            <line number="16" hits="3"/>
            <line number="21" hits="2"/>
            <line number="23" hits="2"/>
          </lines>
        </class>
      </classes>
    </package>
    <package name="Configuration/Concerns/WithSkeleton.php" line-rate="1" branch-rate="0" complexity="2">
      <classes>
        <class name="Playground\Make\Configuration\Concerns\WithSkeleton" filename="Configuration/Concerns/WithSkeleton.php" line-rate="1" branch-rate="0" complexity="2">
          <methods>
            <method name="skeleton" signature="" line-rate="1" branch-rate="0" complexity="1">
              <lines>
                <line number="18" hits="10"/>
              </lines>
            </method>
            <method name="withSkeleton" signature="" line-rate="1" branch-rate="0" complexity="1">
              <lines>
                <line number="23" hits="3"/>
                <line number="25" hits="3"/>
              </lines>
            </method>
          </methods>
          <lines>
            <line number="18" hits="10"/>
            <line number="23" hits="3"/>
            <line number="25" hits="3"/>
          </lines>
        </class>
      </classes>
    </package>
    <package name="Configuration/Configuration.php" line-rate="0.55555555555556" branch-rate="0" complexity="8">
      <classes>
        <class name="Playground\Make\Configuration\Configuration" filename="Configuration/Configuration.php" line-rate="0.55555555555556" branch-rate="0" complexity="8">
          <methods>
            <method name="__construct" signature="mixed $options" line-rate="1" branch-rate="0" complexity="2">
              <lines>
                <line number="28" hits="5"/>
                <line number="29" hits="2"/>
              </lines>
            </method>
            <method name="apply" signature="" line-rate="0.5" branch-rate="0" complexity="3">
              <lines>
                <line number="35" hits="3"/>
                <line number="40" hits="0"/>
                <line number="41" hits="0"/>
                <line number="45" hits="3"/>
              </lines>
            </method>
            <method name="jsonSerialize" signature="" line-rate="1" branch-rate="0" complexity="1">
              <lines>
                <line number="50" hits="4"/>
              </lines>
            </method>
            <method name="toArray" signature="" line-rate="0" branch-rate="0" complexity="2">
              <lines>
                <line number="58" hits="0"/>
                <line number="60" hits="0"/>
              </lines>
            </method>
          </methods>
          <lines>
            <line number="28" hits="5"/>
            <line number="29" hits="2"/>
            <line number="35" hits="3"/>
            <line number="40" hits="0"/>
            <line number="41" hits="0"/>
            <line number="45" hits="3"/>
            <line number="50" hits="4"/>
            <line number="58" hits="0"/>
            <line number="60" hits="0"/>
          </lines>
        </class>
      </classes>
    </package>
    <package name="Configuration/Contracts/Configuration.php" line-rate="0" branch-rate="0" complexity="0">
      <classes/>
    </package>
    <package name="Configuration/Contracts/PrimaryConfiguration.php" line-rate="0" branch-rate="0" complexity="0">
      <classes/>
    </package>
    <package name="Configuration/Contracts/WithFolder.php" line-rate="0" branch-rate="0" complexity="0">
      <classes/>
    </package>
    <package name="Configuration/Contracts/WithSkeleton.php" line-rate="0" branch-rate="0" complexity="0">
      <classes/>
    </package>
    <package name="Configuration/Model.php" line-rate="0.76691729323308" branch-rate="0" complexity="58">
      <classes>
        <class name="Playground\Make\Configuration\Model" filename="Configuration/Model.php" line-rate="0.76691729323308" branch-rate="0" complexity="58">
          <methods>
            <method name="apply" signature="" line-rate="1" branch-rate="0" complexity="11">
              <lines>
                <line number="74" hits="2"/>
                <line number="75" hits="2"/>
                <line number="76" hits="2"/>
                <line number="77" hits="2"/>
                <line number="78" hits="2"/>
                <line number="79" hits="2"/>
                <line number="80" hits="2"/>
                <line number="81" hits="2"/>
                <line number="82" hits="2"/>
                <line number="83" hits="2"/>
                <line number="84" hits="2"/>
                <line number="85" hits="2"/>
                <line number="86" hits="2"/>
                <line number="87" hits="2"/>
                <line number="88" hits="2"/>
                <line number="89" hits="2"/>
                <line number="90" hits="2"/>
                <line number="91" hits="2"/>
                <line number="92" hits="2"/>
                <line number="93" hits="2"/>
                <line number="94" hits="2"/>
                <line number="95" hits="2"/>
                <line number="96" hits="2"/>
                <line number="97" hits="2"/>
                <line number="98" hits="2"/>
                <line number="99" hits="2"/>
                <line number="101" hits="2"/>
                <line number="102" hits="2"/>
                <line number="104" hits="2"/>
                <line number="105" hits="1"/>
                <line number="106" hits="1"/>
                <line number="107" hits="1"/>
                <line number="108" hits="1"/>
                <line number="113" hits="2"/>
                <line number="114" hits="1"/>
                <line number="115" hits="1"/>
                <line number="116" hits="1"/>
                <line number="117" hits="1"/>
                <line number="130" hits="2"/>
                <line number="131" hits="2"/>
                <line number="132" hits="2"/>
                <line number="133" hits="2"/>
                <line number="134" hits="2"/>
                <line number="136" hits="2"/>
                <line number="137" hits="2"/>
                <line number="139" hits="2"/>
                <line number="140" hits="1"/>
                <line number="141" hits="1"/>
                <line number="142" hits="1"/>
                <line number="143" hits="1"/>
                <line number="148" hits="2"/>
                <line number="149" hits="2"/>
                <line number="150" hits="1"/>
                <line number="152" hits="2"/>
                <line number="154" hits="2"/>
                <line number="156" hits="2"/>
              </lines>
            </method>
            <method name="resetOption" signature="string $option" line-rate="0" branch-rate="0" complexity="12">
              <lines>
                <line number="197" hits="0"/>
                <line number="198" hits="0"/>
                <line number="199" hits="0"/>
                <line number="200" hits="0"/>
                <line number="201" hits="0"/>
                <line number="202" hits="0"/>
                <line number="203" hits="0"/>
                <line number="204" hits="0"/>
                <line number="205" hits="0"/>
                <line number="206" hits="0"/>
                <line number="207" hits="0"/>
                <line number="208" hits="0"/>
                <line number="209" hits="0"/>
                <line number="210" hits="0"/>
                <line number="211" hits="0"/>
                <line number="212" hits="0"/>
                <line number="213" hits="0"/>
                <line number="214" hits="0"/>
                <line number="215" hits="0"/>
                <line number="216" hits="0"/>
                <line number="217" hits="0"/>
                <line number="218" hits="0"/>
                <line number="221" hits="0"/>
              </lines>
            </method>
            <method name="setOptions" signature="array $options" line-rate="0.80952380952381" branch-rate="0" complexity="23">
              <lines>
                <line number="233" hits="17"/>
                <line number="235" hits="17"/>
                <line number="236" hits="1"/>
                <line number="239" hits="17"/>
                <line number="240" hits="0"/>
                <line number="241" hits="0"/>
                <line number="242" hits="0"/>
                <line number="246" hits="17"/>
                <line number="247" hits="17"/>
                <line number="249" hits="1"/>
                <line number="252" hits="17"/>
                <line number="253" hits="17"/>
                <line number="255" hits="0"/>
                <line number="258" hits="17"/>
                <line number="259" hits="0"/>
                <line number="262" hits="17"/>
                <line number="263" hits="17"/>
                <line number="265" hits="0"/>
                <line number="268" hits="17"/>
                <line number="269" hits="17"/>
                <line number="271" hits="0"/>
                <line number="274" hits="17"/>
                <line number="275" hits="17"/>
                <line number="277" hits="0"/>
                <line number="280" hits="17"/>
                <line number="281" hits="17"/>
                <line number="283" hits="1"/>
                <line number="286" hits="17"/>
                <line number="287" hits="17"/>
                <line number="289" hits="1"/>
                <line number="293" hits="17"/>
                <line number="294" hits="17"/>
                <line number="295" hits="17"/>
                <line number="296" hits="17"/>
                <line number="297" hits="17"/>
                <line number="298" hits="17"/>
                <line number="299" hits="17"/>
                <line number="300" hits="17"/>
                <line number="303" hits="17"/>
                <line number="304" hits="17"/>
                <line number="306" hits="1"/>
                <line number="309" hits="17"/>
              </lines>
            </method>
            <method name="attributes" signature="" line-rate="1" branch-rate="0" complexity="1">
              <lines>
                <line number="317" hits="4"/>
              </lines>
            </method>
            <method name="playground" signature="" line-rate="1" branch-rate="0" complexity="1">
              <lines>
                <line number="322" hits="2"/>
              </lines>
            </method>
            <method name="perPage" signature="" line-rate="1" branch-rate="0" complexity="1">
              <lines>
                <line number="327" hits="2"/>
              </lines>
            </method>
            <method name="casts" signature="" line-rate="1" branch-rate="0" complexity="1">
              <lines>
                <line number="335" hits="4"/>
              </lines>
            </method>
            <method name="fillable" signature="" line-rate="1" branch-rate="0" complexity="1">
              <lines>
                <line number="343" hits="3"/>
              </lines>
            </method>
            <method name="table" signature="" line-rate="1" branch-rate="0" complexity="1">
              <lines>
                <line number="348" hits="2"/>
              </lines>
            </method>
            <method name="module_slug" signature="" line-rate="1" branch-rate="0" complexity="1">
              <lines>
                <line number="353" hits="2"/>
              </lines>
            </method>
            <method name="model_attribute" signature="" line-rate="1" branch-rate="0" complexity="1">
              <lines>
                <line number="358" hits="2"/>
              </lines>
            </method>
            <method name="model_attribute_required" signature="" line-rate="1" branch-rate="0" complexity="1">
              <lines>
                <line number="363" hits="2"/>
              </lines>
            </method>
            <method name="model_plural" signature="" line-rate="1" branch-rate="0" complexity="1">
              <lines>
                <line number="368" hits="2"/>
              </lines>
            </method>
            <method name="model_singular" signature="" line-rate="1" branch-rate="0" complexity="1">
              <lines>
                <line number="373" hits="2"/>
              </lines>
            </method>
            <method name="model_slug" signature="" line-rate="1" branch-rate="0" complexity="1">
              <lines>
                <line number="378" hits="2"/>
              </lines>
            </method>
          </methods>
          <lines>
            <line number="74" hits="2"/>
            <line number="75" hits="2"/>
            <line number="76" hits="2"/>
            <line number="77" hits="2"/>
            <line number="78" hits="2"/>
            <line number="79" hits="2"/>
            <line number="80" hits="2"/>
            <line number="81" hits="2"/>
            <line number="82" hits="2"/>
            <line number="83" hits="2"/>
            <line number="84" hits="2"/>
            <line number="85" hits="2"/>
            <line number="86" hits="2"/>
            <line number="87" hits="2"/>
            <line number="88" hits="2"/>
            <line number="89" hits="2"/>
            <line number="90" hits="2"/>
            <line number="91" hits="2"/>
            <line number="92" hits="2"/>
            <line number="93" hits="2"/>
            <line number="94" hits="2"/>
            <line number="95" hits="2"/>
            <line number="96" hits="2"/>
            <line number="97" hits="2"/>
            <line number="98" hits="2"/>
            <line number="99" hits="2"/>
            <line number="101" hits="2"/>
            <line number="102" hits="2"/>
            <line number="104" hits="2"/>
            <line number="105" hits="1"/>
            <line number="106" hits="1"/>
            <line number="107" hits="1"/>
            <line number="108" hits="1"/>
            <line number="113" hits="2"/>
            <line number="114" hits="1"/>
            <line number="115" hits="1"/>
            <line number="116" hits="1"/>
            <line number="117" hits="1"/>
            <line number="130" hits="2"/>
            <line number="131" hits="2"/>
            <line number="132" hits="2"/>
            <line number="133" hits="2"/>
            <line number="134" hits="2"/>
            <line number="136" hits="2"/>
            <line number="137" hits="2"/>
            <line number="139" hits="2"/>
            <line number="140" hits="1"/>
            <line number="141" hits="1"/>
            <line number="142" hits="1"/>
            <line number="143" hits="1"/>
            <line number="148" hits="2"/>
            <line number="149" hits="2"/>
            <line number="150" hits="1"/>
            <line number="152" hits="2"/>
            <line number="154" hits="2"/>
            <line number="156" hits="2"/>
            <line number="197" hits="0"/>
            <line number="198" hits="0"/>
            <line number="199" hits="0"/>
            <line number="200" hits="0"/>
            <line number="201" hits="0"/>
            <line number="202" hits="0"/>
            <line number="203" hits="0"/>
            <line number="204" hits="0"/>
            <line number="205" hits="0"/>
            <line number="206" hits="0"/>
            <line number="207" hits="0"/>
            <line number="208" hits="0"/>
            <line number="209" hits="0"/>
            <line number="210" hits="0"/>
            <line number="211" hits="0"/>
            <line number="212" hits="0"/>
            <line number="213" hits="0"/>
            <line number="214" hits="0"/>
            <line number="215" hits="0"/>
            <line number="216" hits="0"/>
            <line number="217" hits="0"/>
            <line number="218" hits="0"/>
            <line number="221" hits="0"/>
            <line number="233" hits="17"/>
            <line number="235" hits="17"/>
            <line number="236" hits="1"/>
            <line number="239" hits="17"/>
            <line number="240" hits="0"/>
            <line number="241" hits="0"/>
            <line number="242" hits="0"/>
            <line number="246" hits="17"/>
            <line number="247" hits="17"/>
            <line number="249" hits="1"/>
            <line number="252" hits="17"/>
            <line number="253" hits="17"/>
            <line number="255" hits="0"/>
            <line number="258" hits="17"/>
            <line number="259" hits="0"/>
            <line number="262" hits="17"/>
            <line number="263" hits="17"/>
            <line number="265" hits="0"/>
            <line number="268" hits="17"/>
            <line number="269" hits="17"/>
            <line number="271" hits="0"/>
            <line number="274" hits="17"/>
            <line number="275" hits="17"/>
            <line number="277" hits="0"/>
            <line number="280" hits="17"/>
            <line number="281" hits="17"/>
            <line number="283" hits="1"/>
            <line number="286" hits="17"/>
            <line number="287" hits="17"/>
            <line number="289" hits="1"/>
            <line number="293" hits="17"/>
            <line number="294" hits="17"/>
            <line number="295" hits="17"/>
            <line number="296" hits="17"/>
            <line number="297" hits="17"/>
            <line number="298" hits="17"/>
            <line number="299" hits="17"/>
            <line number="300" hits="17"/>
            <line number="303" hits="17"/>
            <line number="304" hits="17"/>
            <line number="306" hits="1"/>
            <line number="309" hits="17"/>
            <line number="317" hits="4"/>
            <line number="322" hits="2"/>
            <line number="327" hits="2"/>
            <line number="335" hits="4"/>
            <line number="343" hits="3"/>
            <line number="348" hits="2"/>
            <line number="353" hits="2"/>
            <line number="358" hits="2"/>
            <line number="363" hits="2"/>
            <line number="368" hits="2"/>
            <line number="373" hits="2"/>
            <line number="378" hits="2"/>
          </lines>
        </class>
      </classes>
    </package>
    <package name="Configuration/Model/Concerns/Attributes.php" line-rate="0.9746835443038" branch-rate="0" complexity="35">
      <classes>
        <class name="Playground\Make\Configuration\Model\Concerns\Attributes" filename="Configuration/Model/Concerns/Attributes.php" line-rate="0.9746835443038" branch-rate="0" complexity="35">
          <methods>
            <method name="addModelProperties" signature="array $options" line-rate="1" branch-rate="0" complexity="10">
              <lines>
                <line number="19" hits="18"/>
                <line number="20" hits="18"/>
                <line number="22" hits="1"/>
                <line number="23" hits="1"/>
                <line number="27" hits="18"/>
                <line number="28" hits="18"/>
                <line number="30" hits="1"/>
                <line number="31" hits="1"/>
                <line number="35" hits="18"/>
                <line number="36" hits="18"/>
                <line number="38" hits="1"/>
                <line number="39" hits="1"/>
                <line number="43" hits="18"/>
              </lines>
            </method>
            <method name="addAttribute" signature="mixed $column, mixed $value" line-rate="1" branch-rate="0" complexity="7">
              <lines>
                <line number="51" hits="3"/>
                <line number="52" hits="1"/>
                <line number="53" hits="1"/>
                <line number="54" hits="1"/>
                <line number="55" hits="1"/>
                <line number="58" hits="2"/>
                <line number="59" hits="1"/>
                <line number="60" hits="2"/>
                <line number="61" hits="2"/>
                <line number="62" hits="2"/>
                <line number="63" hits="2"/>
                <line number="64" hits="2"/>
                <line number="65" hits="2"/>
                <line number="66" hits="1"/>
                <line number="68" hits="1"/>
                <line number="71" hits="2"/>
              </lines>
            </method>
            <method name="addCast" signature="mixed $column, mixed $cast" line-rate="0.95238095238095" branch-rate="0" complexity="12">
              <lines>
                <line number="79" hits="3"/>
                <line number="80" hits="1"/>
                <line number="81" hits="1"/>
                <line number="82" hits="1"/>
                <line number="83" hits="1"/>
                <line number="86" hits="2"/>
                <line number="87" hits="1"/>
                <line number="88" hits="1"/>
                <line number="89" hits="1"/>
                <line number="90" hits="1"/>
                <line number="91" hits="1"/>
                <line number="92" hits="1"/>
                <line number="93" hits="1"/>
                <line number="94" hits="1"/>
                <line number="95" hits="0"/>
                <line number="96" hits="1"/>
                <line number="97" hits="1"/>
                <line number="98" hits="1"/>
                <line number="99" hits="1"/>
                <line number="100" hits="1"/>
                <line number="101" hits="1"/>
                <line number="102" hits="1"/>
                <line number="103" hits="1"/>
                <line number="104" hits="1"/>
                <line number="105" hits="1"/>
                <line number="106" hits="1"/>
                <line number="107" hits="1"/>
                <line number="108" hits="1"/>
                <line number="109" hits="1"/>
                <line number="110" hits="1"/>
                <line number="111" hits="1"/>
                <line number="112" hits="1"/>
                <line number="113" hits="1"/>
                <line number="114" hits="1"/>
                <line number="115" hits="1"/>
                <line number="116" hits="1"/>
                <line number="117" hits="1"/>
                <line number="118" hits="1"/>
                <line number="119" hits="0"/>
                <line number="120" hits="1"/>
                <line number="121" hits="1"/>
                <line number="124" hits="2"/>
              </lines>
            </method>
            <method name="addFillable" signature="mixed $column" line-rate="1" branch-rate="0" complexity="6">
              <lines>
                <line number="129" hits="2"/>
                <line number="130" hits="1"/>
                <line number="131" hits="1"/>
                <line number="132" hits="1"/>
                <line number="133" hits="1"/>
                <line number="136" hits="1"/>
                <line number="137" hits="1"/>
                <line number="140" hits="1"/>
              </lines>
            </method>
          </methods>
          <lines>
            <line number="19" hits="18"/>
            <line number="20" hits="18"/>
            <line number="22" hits="1"/>
            <line number="23" hits="1"/>
            <line number="27" hits="18"/>
            <line number="28" hits="18"/>
            <line number="30" hits="1"/>
            <line number="31" hits="1"/>
            <line number="35" hits="18"/>
            <line number="36" hits="18"/>
            <line number="38" hits="1"/>
            <line number="39" hits="1"/>
            <line number="43" hits="18"/>
            <line number="51" hits="3"/>
            <line number="52" hits="1"/>
            <line number="53" hits="1"/>
            <line number="54" hits="1"/>
            <line number="55" hits="1"/>
            <line number="58" hits="2"/>
            <line number="59" hits="1"/>
            <line number="60" hits="2"/>
            <line number="61" hits="2"/>
            <line number="62" hits="2"/>
            <line number="63" hits="2"/>
            <line number="64" hits="2"/>
            <line number="65" hits="2"/>
            <line number="66" hits="1"/>
            <line number="68" hits="1"/>
            <line number="71" hits="2"/>
            <line number="79" hits="3"/>
            <line number="80" hits="1"/>
            <line number="81" hits="1"/>
            <line number="82" hits="1"/>
            <line number="83" hits="1"/>
            <line number="86" hits="2"/>
            <line number="87" hits="1"/>
            <line number="88" hits="1"/>
            <line number="89" hits="1"/>
            <line number="90" hits="1"/>
            <line number="91" hits="1"/>
            <line number="92" hits="1"/>
            <line number="93" hits="1"/>
            <line number="94" hits="1"/>
            <line number="95" hits="0"/>
            <line number="96" hits="1"/>
            <line number="97" hits="1"/>
            <line number="98" hits="1"/>
            <line number="99" hits="1"/>
            <line number="100" hits="1"/>
            <line number="101" hits="1"/>
            <line number="102" hits="1"/>
            <line number="103" hits="1"/>
            <line number="104" hits="1"/>
            <line number="105" hits="1"/>
            <line number="106" hits="1"/>
            <line number="107" hits="1"/>
            <line number="108" hits="1"/>
            <line number="109" hits="1"/>
            <line number="110" hits="1"/>
            <line number="111" hits="1"/>
            <line number="112" hits="1"/>
            <line number="113" hits="1"/>
            <line number="114" hits="1"/>
            <line number="115" hits="1"/>
            <line number="116" hits="1"/>
            <line number="117" hits="1"/>
            <line number="118" hits="1"/>
            <line number="119" hits="0"/>
            <line number="120" hits="1"/>
            <line number="121" hits="1"/>
            <line number="124" hits="2"/>
            <line number="129" hits="2"/>
            <line number="130" hits="1"/>
            <line number="131" hits="1"/>
            <line number="132" hits="1"/>
            <line number="133" hits="1"/>
            <line number="136" hits="1"/>
            <line number="137" hits="1"/>
            <line number="140" hits="1"/>
          </lines>
        </class>
      </classes>
    </package>
    <package name="Configuration/Model/Concerns/Components.php" line-rate="0.90909090909091" branch-rate="0" complexity="15">
      <classes>
        <class name="Playground\Make\Configuration\Model\Concerns\Components" filename="Configuration/Model/Concerns/Components.php" line-rate="0.90909090909091" branch-rate="0" complexity="15">
          <methods>
            <method name="addComponents" signature="array $options" line-rate="0.86666666666667" branch-rate="0" complexity="8">
              <lines>
                <line number="33" hits="17"/>
                <line number="34" hits="0"/>
                <line number="37" hits="17"/>
                <line number="38" hits="1"/>
                <line number="41" hits="17"/>
                <line number="42" hits="1"/>
                <line number="45" hits="17"/>
                <line number="46" hits="1"/>
                <line number="49" hits="17"/>
                <line number="50" hits="0"/>
                <line number="53" hits="17"/>
                <line number="54" hits="1"/>
                <line number="57" hits="17"/>
                <line number="58" hits="1"/>
                <line number="61" hits="17"/>
              </lines>
            </method>
            <method name="controller" signature="" line-rate="1" branch-rate="0" complexity="1">
              <lines>
                <line number="66" hits="2"/>
              </lines>
            </method>
            <method name="factory" signature="" line-rate="1" branch-rate="0" complexity="1">
              <lines>
                <line number="71" hits="2"/>
              </lines>
            </method>
            <method name="migration" signature="" line-rate="1" branch-rate="0" complexity="1">
              <lines>
                <line number="76" hits="2"/>
              </lines>
            </method>
            <method name="policy" signature="" line-rate="1" branch-rate="0" complexity="1">
              <lines>
                <line number="81" hits="2"/>
              </lines>
            </method>
            <method name="requests" signature="" line-rate="1" branch-rate="0" complexity="1">
              <lines>
                <line number="86" hits="2"/>
              </lines>
            </method>
            <method name="seed" signature="" line-rate="1" branch-rate="0" complexity="1">
              <lines>
                <line number="91" hits="2"/>
              </lines>
            </method>
            <method name="test" signature="" line-rate="1" branch-rate="0" complexity="1">
              <lines>
                <line number="96" hits="2"/>
              </lines>
            </method>
          </methods>
          <lines>
            <line number="33" hits="17"/>
            <line number="34" hits="0"/>
            <line number="37" hits="17"/>
            <line number="38" hits="1"/>
            <line number="41" hits="17"/>
            <line number="42" hits="1"/>
            <line number="45" hits="17"/>
            <line number="46" hits="1"/>
            <line number="49" hits="17"/>
            <line number="50" hits="0"/>
            <line number="53" hits="17"/>
            <line number="54" hits="1"/>
            <line number="57" hits="17"/>
            <line number="58" hits="1"/>
            <line number="61" hits="17"/>
            <line number="66" hits="2"/>
            <line number="71" hits="2"/>
            <line number="76" hits="2"/>
            <line number="81" hits="2"/>
            <line number="86" hits="2"/>
            <line number="91" hits="2"/>
            <line number="96" hits="2"/>
          </lines>
        </class>
      </classes>
    </package>
    <package name="Configuration/Model/Concerns/Creating.php" line-rate="1" branch-rate="0" complexity="6">
      <classes>
        <class name="Playground\Make\Configuration\Model\Concerns\Creating" filename="Configuration/Model/Concerns/Creating.php" line-rate="1" branch-rate="0" complexity="6">
          <methods>
            <method name="addCreate" signature="array $options" line-rate="1" branch-rate="0" complexity="5">
              <lines>
                <line number="28" hits="1"/>
                <line number="29" hits="1"/>
                <line number="32" hits="1"/>
                <line number="33" hits="1"/>
                <line number="36" hits="1"/>
                <line number="38" hits="1"/>
                <line number="39" hits="1"/>
                <line number="41" hits="1"/>
                <line number="44" hits="1"/>
                <line number="46" hits="1"/>
              </lines>
            </method>
            <method name="create" signature="" line-rate="1" branch-rate="0" complexity="1">
              <lines>
                <line number="51" hits="2"/>
              </lines>
            </method>
          </methods>
          <lines>
            <line number="28" hits="1"/>
            <line number="29" hits="1"/>
            <line number="32" hits="1"/>
            <line number="33" hits="1"/>
            <line number="36" hits="1"/>
            <line number="38" hits="1"/>
            <line number="39" hits="1"/>
            <line number="41" hits="1"/>
            <line number="44" hits="1"/>
            <line number="46" hits="1"/>
            <line number="51" hits="2"/>
          </lines>
        </class>
      </classes>
    </package>
    <package name="Configuration/Model/Concerns/Filters.php" line-rate="0.47619047619048" branch-rate="0" complexity="12">
      <classes>
        <class name="Playground\Make\Configuration\Model\Concerns\Filters" filename="Configuration/Model/Concerns/Filters.php" line-rate="0.47619047619048" branch-rate="0" complexity="12">
          <methods>
            <method name="addFilters" signature="array $options, bool $apply" line-rate="0.9" branch-rate="0" complexity="6">
              <lines>
                <line number="23" hits="17"/>
                <line number="24" hits="17"/>
                <line number="27" hits="17"/>
                <line number="28" hits="17"/>
                <line number="30" hits="1"/>
                <line number="31" hits="1"/>
                <line number="33" hits="1"/>
                <line number="35" hits="1"/>
                <line number="36" hits="0"/>
                <line number="40" hits="17"/>
              </lines>
            </method>
            <method name="addFilter" signature="array $options, bool $apply" line-rate="0" branch-rate="0" complexity="5">
              <lines>
                <line number="48" hits="0"/>
                <line number="49" hits="0"/>
                <line number="52" hits="0"/>
                <line number="53" hits="0"/>
                <line number="56" hits="0"/>
                <line number="58" hits="0"/>
                <line number="59" hits="0"/>
                <line number="62" hits="0"/>
                <line number="63" hits="0"/>
                <line number="66" hits="0"/>
              </lines>
            </method>
            <method name="filters" signature="" line-rate="1" branch-rate="0" complexity="1">
              <lines>
                <line number="71" hits="2"/>
              </lines>
            </method>
          </methods>
          <lines>
            <line number="23" hits="17"/>
            <line number="24" hits="17"/>
            <line number="27" hits="17"/>
            <line number="28" hits="17"/>
            <line number="30" hits="1"/>
            <line number="31" hits="1"/>
            <line number="33" hits="1"/>
            <line number="35" hits="1"/>
            <line number="36" hits="0"/>
            <line number="40" hits="17"/>
            <line number="48" hits="0"/>
            <line number="49" hits="0"/>
            <line number="52" hits="0"/>
            <line number="53" hits="0"/>
            <line number="56" hits="0"/>
            <line number="58" hits="0"/>
            <line number="59" hits="0"/>
            <line number="62" hits="0"/>
            <line number="63" hits="0"/>
            <line number="66" hits="0"/>
            <line number="71" hits="2"/>
          </lines>
        </class>
      </classes>
    </package>
    <package name="Configuration/Model/Concerns/Relationships.php" line-rate="1" branch-rate="0" complexity="31">
      <classes>
        <class name="Playground\Make\Configuration\Model\Concerns\Relationships" filename="Configuration/Model/Concerns/Relationships.php" line-rate="1" branch-rate="0" complexity="31">
          <methods>
            <method name="addRelationships" signature="array $options" line-rate="1" branch-rate="0" complexity="17">
              <lines>
                <line number="32" hits="17"/>
                <line number="33" hits="17"/>
                <line number="35" hits="2"/>
                <line number="36" hits="2"/>
                <line number="37" hits="1"/>
                <line number="38" hits="1"/>
                <line number="39" hits="1"/>
                <line number="40" hits="1"/>
                <line number="42" hits="2"/>
                <line number="43" hits="2"/>
                <line number="48" hits="17"/>
                <line number="49" hits="17"/>
                <line number="51" hits="2"/>
                <line number="52" hits="2"/>
                <line number="53" hits="1"/>
                <line number="54" hits="1"/>
                <line number="55" hits="1"/>
                <line number="56" hits="1"/>
                <line number="58" hits="2"/>
                <line number="59" hits="2"/>
                <line number="64" hits="17"/>
              </lines>
            </method>
            <method name="addHasOne" signature="string $accessor, mixed $meta" line-rate="1" branch-rate="0" complexity="6">
              <lines>
                <line number="72" hits="3"/>
                <line number="73" hits="2"/>
                <line number="76" hits="3"/>
                <line number="77" hits="3"/>
                <line number="78" hits="3"/>
                <line number="81" hits="3"/>
                <line number="83" hits="3"/>
                <line number="84" hits="2"/>
                <line number="87" hits="3"/>
                <line number="90" hits="3"/>
              </lines>
            </method>
            <method name="addHasMany" signature="string $accessor, mixed $meta" line-rate="1" branch-rate="0" complexity="6">
              <lines>
                <line number="98" hits="3"/>
                <line number="99" hits="1"/>
                <line number="102" hits="3"/>
                <line number="103" hits="3"/>
                <line number="104" hits="3"/>
                <line number="107" hits="3"/>
                <line number="109" hits="3"/>
                <line number="110" hits="2"/>
                <line number="113" hits="3"/>
                <line number="116" hits="3"/>
              </lines>
            </method>
            <method name="HasOne" signature="" line-rate="1" branch-rate="0" complexity="1">
              <lines>
                <line number="124" hits="3"/>
              </lines>
            </method>
            <method name="HasMany" signature="" line-rate="1" branch-rate="0" complexity="1">
              <lines>
                <line number="132" hits="3"/>
              </lines>
            </method>
          </methods>
          <lines>
            <line number="32" hits="17"/>
            <line number="33" hits="17"/>
            <line number="35" hits="2"/>
            <line number="36" hits="2"/>
            <line number="37" hits="1"/>
            <line number="38" hits="1"/>
            <line number="39" hits="1"/>
            <line number="40" hits="1"/>
            <line number="42" hits="2"/>
            <line number="43" hits="2"/>
            <line number="48" hits="17"/>
            <line number="49" hits="17"/>
            <line number="51" hits="2"/>
            <line number="52" hits="2"/>
            <line number="53" hits="1"/>
            <line number="54" hits="1"/>
            <line number="55" hits="1"/>
            <line number="56" hits="1"/>
            <line number="58" hits="2"/>
            <line number="59" hits="2"/>
            <line number="64" hits="17"/>
            <line number="72" hits="3"/>
            <line number="73" hits="2"/>
            <line number="76" hits="3"/>
            <line number="77" hits="3"/>
            <line number="78" hits="3"/>
            <line number="81" hits="3"/>
[...]
            <line number="367" hits="0"/>
            <line number="384" hits="0"/>
            <line number="385" hits="0"/>
            <line number="386" hits="0"/>
            <line number="387" hits="0"/>
            <line number="388" hits="0"/>
            <line number="389" hits="0"/>
            <line number="390" hits="0"/>
            <line number="391" hits="0"/>
            <line number="392" hits="0"/>
            <line number="393" hits="0"/>
            <line number="394" hits="0"/>
            <line number="395" hits="0"/>
            <line number="396" hits="0"/>
            <line number="397" hits="0"/>
            <line number="398" hits="0"/>
            <line number="400" hits="0"/>
            <line number="411" hits="0"/>
            <line number="416" hits="0"/>
            <line number="417" hits="0"/>
            <line number="418" hits="0"/>
            <line number="419" hits="0"/>
            <line number="421" hits="0"/>
            <line number="424" hits="0"/>
            <line number="425" hits="0"/>
            <line number="433" hits="0"/>
            <line number="453" hits="0"/>
            <line number="454" hits="0"/>
            <line number="455" hits="0"/>
            <line number="458" hits="0"/>
            <line number="461" hits="0"/>
            <line number="462" hits="0"/>
            <line number="464" hits="0"/>
            <line number="466" hits="0"/>
            <line number="467" hits="0"/>
            <line number="468" hits="0"/>
            <line number="469" hits="0"/>
            <line number="471" hits="0"/>
            <line number="472" hits="0"/>
            <line number="475" hits="0"/>
            <line number="493" hits="0"/>
            <line number="495" hits="0"/>
            <line number="496" hits="0"/>
            <line number="497" hits="0"/>
            <line number="498" hits="0"/>
            <line number="501" hits="0"/>
            <line number="502" hits="0"/>
            <line number="503" hits="0"/>
            <line number="505" hits="0"/>
            <line number="509" hits="0"/>
            <line number="510" hits="0"/>
            <line number="513" hits="0"/>
            <line number="514" hits="0"/>
            <line number="515" hits="0"/>
            <line number="516" hits="0"/>
            <line number="517" hits="0"/>
            <line number="518" hits="0"/>
            <line number="519" hits="0"/>
            <line number="520" hits="0"/>
            <line number="521" hits="0"/>
            <line number="522" hits="0"/>
            <line number="523" hits="0"/>
            <line number="533" hits="0"/>
            <line number="535" hits="0"/>
            <line number="536" hits="0"/>
            <line number="538" hits="0"/>
            <line number="539" hits="0"/>
            <line number="540" hits="0"/>
            <line number="541" hits="0"/>
            <line number="543" hits="0"/>
            <line number="546" hits="0"/>
            <line number="547" hits="0"/>
            <line number="550" hits="0"/>
            <line number="552" hits="0"/>
            <line number="553" hits="0"/>
            <line number="554" hits="0"/>
            <line number="555" hits="0"/>
            <line number="557" hits="0"/>
            <line number="566" hits="0"/>
            <line number="568" hits="0"/>
            <line number="570" hits="0"/>
            <line number="572" hits="0"/>
            <line number="573" hits="0"/>
            <line number="574" hits="0"/>
            <line number="575" hits="0"/>
            <line number="576" hits="0"/>
            <line number="577" hits="0"/>
            <line number="581" hits="0"/>
            <line number="582" hits="0"/>
            <line number="583" hits="0"/>
            <line number="602" hits="0"/>
            <line number="603" hits="0"/>
            <line number="604" hits="0"/>
            <line number="605" hits="0"/>
            <line number="606" hits="0"/>
            <line number="607" hits="0"/>
            <line number="608" hits="0"/>
            <line number="610" hits="0"/>
            <line number="611" hits="0"/>
            <line number="619" hits="0"/>
            <line number="620" hits="0"/>
            <line number="621" hits="0"/>
            <line number="628" hits="0"/>
            <line number="629" hits="0"/>
            <line number="630" hits="0"/>
            <line number="633" hits="0"/>
            <line number="634" hits="0"/>
            <line number="635" hits="0"/>
            <line number="636" hits="0"/>
            <line number="637" hits="0"/>
            <line number="640" hits="0"/>
            <line number="641" hits="0"/>
            <line number="642" hits="0"/>
            <line number="645" hits="0"/>
            <line number="646" hits="0"/>
            <line number="647" hits="0"/>
            <line number="650" hits="0"/>
            <line number="651" hits="0"/>
            <line number="652" hits="0"/>
            <line number="654" hits="0"/>
            <line number="655" hits="0"/>
            <line number="658" hits="0"/>
            <line number="659" hits="0"/>
            <line number="660" hits="0"/>
            <line number="663" hits="0"/>
            <line number="668" hits="0"/>
            <line number="675" hits="0"/>
            <line number="695" hits="0"/>
            <line number="696" hits="0"/>
            <line number="697" hits="0"/>
            <line number="698" hits="0"/>
            <line number="699" hits="0"/>
            <line number="709" hits="0"/>
            <line number="710" hits="0"/>
            <line number="713" hits="0"/>
            <line number="714" hits="0"/>
            <line number="715" hits="0"/>
            <line number="716" hits="0"/>
            <line number="718" hits="0"/>
            <line number="719" hits="0"/>
            <line number="720" hits="0"/>
            <line number="721" hits="0"/>
            <line number="724" hits="0"/>
            <line number="725" hits="0"/>
            <line number="726" hits="0"/>
            <line number="727" hits="0"/>
            <line number="728" hits="0"/>
            <line number="733" hits="0"/>
            <line number="734" hits="0"/>
            <line number="735" hits="0"/>
            <line number="736" hits="0"/>
            <line number="746" hits="0"/>
            <line number="747" hits="0"/>
            <line number="748" hits="0"/>
            <line number="749" hits="0"/>
            <line number="750" hits="0"/>
            <line number="751" hits="0"/>
            <line number="753" hits="0"/>
            <line number="754" hits="0"/>
            <line number="755" hits="0"/>
            <line number="756" hits="0"/>
            <line number="757" hits="0"/>
            <line number="759" hits="0"/>
            <line number="761" hits="0"/>
            <line number="762" hits="0"/>
            <line number="765" hits="0"/>
            <line number="766" hits="0"/>
            <line number="769" hits="0"/>
            <line number="774" hits="0"/>
            <line number="776" hits="0"/>
            <line number="778" hits="0"/>
            <line number="779" hits="0"/>
            <line number="780" hits="0"/>
            <line number="781" hits="0"/>
            <line number="782" hits="0"/>
            <line number="792" hits="0"/>
            <line number="794" hits="0"/>
            <line number="796" hits="0"/>
            <line number="798" hits="0"/>
            <line number="800" hits="0"/>
            <line number="801" hits="0"/>
            <line number="802" hits="0"/>
            <line number="803" hits="0"/>
            <line number="804" hits="0"/>
            <line number="806" hits="0"/>
            <line number="807" hits="0"/>
            <line number="808" hits="0"/>
            <line number="809" hits="0"/>
            <line number="810" hits="0"/>
            <line number="813" hits="0"/>
          </lines>
        </class>
      </classes>
    </package>
    <package name="Console/Commands/Concerns/PreparingOptions.php" line-rate="0" branch-rate="0" complexity="7">
      <classes>
        <class name="Playground\Make\Console\Commands\Concerns\PreparingOptions" filename="Console/Commands/Concerns/PreparingOptions.php" line-rate="0" branch-rate="0" complexity="7">
          <methods>
            <method name="prepareOptionsTypeDefault" signature="array $options" line-rate="0" branch-rate="0" complexity="1">
              <lines>
                <line number="19" hits="0"/>
                <line number="21" hits="0"/>
              </lines>
            </method>
            <method name="prepareOptionsType" signature="array $options" line-rate="0" branch-rate="0" complexity="6">
              <lines>
                <line number="29" hits="0"/>
                <line number="31" hits="0"/>
                <line number="32" hits="0"/>
                <line number="33" hits="0"/>
                <line number="35" hits="0"/>
                <line number="36" hits="0"/>
                <line number="37" hits="0"/>
                <line number="38" hits="0"/>
                <line number="39" hits="0"/>
                <line number="40" hits="0"/>
                <line number="42" hits="0"/>
                <line number="46" hits="0"/>
                <line number="47" hits="0"/>
                <line number="50" hits="0"/>
                <line number="52" hits="0"/>
              </lines>
            </method>
          </methods>
          <lines>
            <line number="19" hits="0"/>
            <line number="21" hits="0"/>
            <line number="29" hits="0"/>
            <line number="31" hits="0"/>
            <line number="32" hits="0"/>
            <line number="33" hits="0"/>
            <line number="35" hits="0"/>
            <line number="36" hits="0"/>
            <line number="37" hits="0"/>
            <line number="38" hits="0"/>
            <line number="39" hits="0"/>
            <line number="40" hits="0"/>
            <line number="42" hits="0"/>
            <line number="46" hits="0"/>
            <line number="47" hits="0"/>
            <line number="50" hits="0"/>
            <line number="52" hits="0"/>
          </lines>
        </class>
      </classes>
    </package>
    <package name="Console/Commands/GeneratorCommand.php" line-rate="0" branch-rate="0" complexity="20">
      <classes>
        <class name="Playground\Make\Console\Commands\GeneratorCommand" filename="Console/Commands/GeneratorCommand.php" line-rate="0" branch-rate="0" complexity="20">
          <methods>
            <method name="handle" signature="" line-rate="0" branch-rate="0" complexity="14">
              <lines>
                <line number="24" hits="0"/>
                <line number="26" hits="0"/>
                <line number="28" hits="0"/>
                <line number="29" hits="0"/>
                <line number="30" hits="0"/>
                <line number="31" hits="0"/>
                <line number="33" hits="0"/>
                <line number="36" hits="0"/>
                <line number="39" hits="0"/>
                <line number="40" hits="0"/>
                <line number="41" hits="0"/>
                <line number="42" hits="0"/>
                <line number="44" hits="0"/>
                <line number="46" hits="0"/>
                <line number="49" hits="0"/>
                <line number="50" hits="0"/>
                <line number="52" hits="0"/>
                <line number="54" hits="0"/>
                <line number="56" hits="0"/>
                <line number="60" hits="0"/>
                <line number="65" hits="0"/>
                <line number="66" hits="0"/>
                <line number="68" hits="0"/>
                <line number="70" hits="0"/>
                <line number="73" hits="0"/>
                <line number="75" hits="0"/>
                <line number="76" hits="0"/>
                <line number="77" hits="0"/>
                <line number="79" hits="0"/>
                <line number="84" hits="0"/>
                <line number="85" hits="0"/>
                <line number="86" hits="0"/>
                <line number="87" hits="0"/>
                <line number="89" hits="0"/>
                <line number="91" hits="0"/>
                <line number="97" hits="0"/>
                <line number="99" hits="0"/>
                <line number="101" hits="0"/>
                <line number="103" hits="0"/>
                <line number="104" hits="0"/>
                <line number="107" hits="0"/>
                <line number="109" hits="0"/>
              </lines>
            </method>
            <method name="finish" signature="" line-rate="0" branch-rate="0" complexity="1">
              <lines>
                <line number="114" hits="0"/>
                <line number="116" hits="0"/>
              </lines>
            </method>
            <method name="handleName" signature="string $name" line-rate="0" branch-rate="0" complexity="3">
              <lines>
                <line number="121" hits="0"/>
                <line number="123" hits="0"/>
                <line number="125" hits="0"/>
                <line number="126" hits="0"/>
                <line number="129" hits="0"/>
                <line number="130" hits="0"/>
                <line number="131" hits="0"/>
                <line number="133" hits="0"/>
              </lines>
            </method>
            <method name="handleTestCreation" signature="$path" line-rate="0" branch-rate="0" complexity="1">
              <lines>
                <line number="144" hits="0"/>
              </lines>
            </method>
            <method name="getNameInput" signature="" line-rate="0" branch-rate="0" complexity="1">
              <lines>
                <line number="162" hits="0"/>
                <line number="164" hits="0"/>
                <line number="166" hits="0"/>
                <line number="168" hits="0"/>
              </lines>
            </method>
          </methods>
          <lines>
            <line number="24" hits="0"/>
            <line number="26" hits="0"/>
            <line number="28" hits="0"/>
            <line number="29" hits="0"/>
            <line number="30" hits="0"/>
            <line number="31" hits="0"/>
            <line number="33" hits="0"/>
            <line number="36" hits="0"/>
            <line number="39" hits="0"/>
            <line number="40" hits="0"/>
            <line number="41" hits="0"/>
            <line number="42" hits="0"/>
            <line number="44" hits="0"/>
            <line number="46" hits="0"/>
            <line number="49" hits="0"/>
            <line number="50" hits="0"/>
            <line number="52" hits="0"/>
            <line number="54" hits="0"/>
            <line number="56" hits="0"/>
            <line number="60" hits="0"/>
            <line number="65" hits="0"/>
            <line number="66" hits="0"/>
            <line number="68" hits="0"/>
            <line number="70" hits="0"/>
            <line number="73" hits="0"/>
            <line number="75" hits="0"/>
            <line number="76" hits="0"/>
            <line number="77" hits="0"/>
            <line number="79" hits="0"/>
            <line number="84" hits="0"/>
            <line number="85" hits="0"/>
            <line number="86" hits="0"/>
            <line number="87" hits="0"/>
            <line number="89" hits="0"/>
            <line number="91" hits="0"/>
            <line number="97" hits="0"/>
            <line number="99" hits="0"/>
            <line number="101" hits="0"/>
            <line number="103" hits="0"/>
            <line number="104" hits="0"/>
            <line number="107" hits="0"/>
            <line number="109" hits="0"/>
            <line number="114" hits="0"/>
            <line number="116" hits="0"/>
            <line number="121" hits="0"/>
            <line number="123" hits="0"/>
            <line number="125" hits="0"/>
            <line number="126" hits="0"/>
            <line number="129" hits="0"/>
            <line number="130" hits="0"/>
            <line number="131" hits="0"/>
            <line number="133" hits="0"/>
            <line number="144" hits="0"/>
            <line number="162" hits="0"/>
            <line number="164" hits="0"/>
            <line number="166" hits="0"/>
            <line number="168" hits="0"/>
          </lines>
        </class>
      </classes>
    </package>
    <package name="ServiceProvider.php" line-rate="1" branch-rate="0" complexity="14">
      <classes>
        <class name="Playground\Make\ServiceProvider" filename="ServiceProvider.php" line-rate="1" branch-rate="0" complexity="14">
          <methods>
            <method name="boot" signature="" line-rate="1" branch-rate="0" complexity="6">
              <lines>
                <line number="32" hits="1"/>
                <line number="34" hits="1"/>
                <line number="36" hits="1"/>
                <line number="37" hits="1"/>
                <line number="38" hits="1"/>
                <line number="39" hits="1"/>
                <line number="40" hits="1"/>
                <line number="43" hits="1"/>
                <line number="45" hits="1"/>
                <line number="46" hits="1"/>
                <line number="47" hits="1"/>
                <line number="51" hits="1"/>
                <line number="52" hits="1"/>
              </lines>
            </method>
            <method name="register" signature="" line-rate="1" branch-rate="0" complexity="1">
              <lines>
                <line number="61" hits="1"/>
                <line number="62" hits="1"/>
                <line number="63" hits="1"/>
                <line number="64" hits="1"/>
              </lines>
            </method>
            <method name="about" signature="" line-rate="1" branch-rate="0" complexity="6">
              <lines>
                <line number="69" hits="1"/>
                <line number="70" hits="1"/>
                <line number="72" hits="1"/>
                <line number="74" hits="1"/>
                <line number="76" hits="1"/>
                <line number="77" hits="1"/>
                <line number="78" hits="1"/>
                <line number="79" hits="1"/>
                <line number="80" hits="1"/>
                <line number="81" hits="1"/>
              </lines>
            </method>
            <method name="version" signature="" line-rate="1" branch-rate="0" complexity="1">
              <lines>
                <line number="86" hits="1"/>
              </lines>
            </method>
          </methods>
          <lines>
            <line number="32" hits="1"/>
            <line number="34" hits="1"/>
            <line number="36" hits="1"/>
            <line number="37" hits="1"/>
            <line number="38" hits="1"/>
            <line number="39" hits="1"/>
            <line number="40" hits="1"/>
            <line number="43" hits="1"/>
            <line number="45" hits="1"/>
            <line number="46" hits="1"/>
            <line number="47" hits="1"/>
            <line number="51" hits="1"/>
            <line number="52" hits="1"/>
            <line number="61" hits="1"/>
            <line number="62" hits="1"/>
            <line number="63" hits="1"/>
            <line number="64" hits="1"/>
            <line number="69" hits="1"/>
            <line number="70" hits="1"/>
            <line number="72" hits="1"/>
            <line number="74" hits="1"/>
            <line number="76" hits="1"/>
            <line number="77" hits="1"/>
            <line number="78" hits="1"/>
            <line number="79" hits="1"/>
            <line number="80" hits="1"/>
            <line number="81" hits="1"/>
            <line number="86" hits="1"/>
          </lines>
        </class>
      </classes>
    </package>
  </packages>
</coverage>
